  [1m[36m (68.2ms)[0m  [1mCREATE TABLE "schema_migrations" ("version" character varying(255) NOT NULL) [0m
  [1m[35m (3.2ms)[0m  CREATE UNIQUE INDEX "unique_schema_migrations" ON "schema_migrations" ("version")
  [1m[36mActiveRecord::SchemaMigration Load (0.6ms)[0m  [1mSELECT "schema_migrations".* FROM "schema_migrations"[0m
Migrating to CreateUsers (20140309055426)
  [1m[35m (0.3ms)[0m  BEGIN
  [1m[36m (26.6ms)[0m  [1mCREATE TABLE "users" ("id" serial primary key, "email" character varying(255), "password_hash" character varying(255), "password_salt" character varying(255), "created_at" timestamp, "updated_at" timestamp) [0m
  [1m[35mSQL (1.4ms)[0m  INSERT INTO "schema_migrations" ("version") VALUES ($1)  [["version", "20140309055426"]]
  [1m[36m (0.8ms)[0m  [1mCOMMIT[0m
  [1m[35mActiveRecord::SchemaMigration Load (0.4ms)[0m  SELECT "schema_migrations".* FROM "schema_migrations"


Started GET "/" for 127.0.0.1 at 2014-03-09 00:00:04 -0700
  [1m[36mActiveRecord::SchemaMigration Load (0.7ms)[0m  [1mSELECT "schema_migrations".* FROM "schema_migrations"[0m
Processing by UsersController#new as HTML
Completed 500 Internal Server Error in 83ms

RuntimeError (`attr_accessible` is extracted out of Rails into a gem. Please use new recommended protection model for params(strong_parameters) or add `protected_attributes` to your Gemfile to use old one.):
  app/models/user.rb:2:in `<class:User>'
  app/models/user.rb:1:in `<top (required)>'
  app/controllers/users_controller.rb:3:in `new'


  Rendered /Library/Ruby/Gems/2.0.0/gems/actionpack-4.0.3/lib/action_dispatch/middleware/templates/rescues/_source.erb (1.0ms)
  Rendered /Library/Ruby/Gems/2.0.0/gems/actionpack-4.0.3/lib/action_dispatch/middleware/templates/rescues/_trace.erb (1.6ms)
  Rendered /Library/Ruby/Gems/2.0.0/gems/actionpack-4.0.3/lib/action_dispatch/middleware/templates/rescues/_request_and_response.erb (1.3ms)
  Rendered /Library/Ruby/Gems/2.0.0/gems/actionpack-4.0.3/lib/action_dispatch/middleware/templates/rescues/diagnostics.erb within rescues/layout (34.1ms)


Started GET "/" for 127.0.0.1 at 2014-03-09 00:01:29 -0700
  [1m[36mActiveRecord::SchemaMigration Load (0.9ms)[0m  [1mSELECT "schema_migrations".* FROM "schema_migrations"[0m
Processing by UsersController#new as HTML
  Rendered users/new.html.erb within layouts/application (332.2ms)
Completed 200 OK in 540ms (Views: 440.2ms | ActiveRecord: 3.8ms)


Started GET "/sign_up" for 127.0.0.1 at 2014-03-09 00:01:39 -0700
Processing by UsersController#new as HTML
  Rendered users/new.html.erb within layouts/application (3.3ms)
Completed 200 OK in 14ms (Views: 8.5ms | ActiveRecord: 0.0ms)


Started GET "/" for 127.0.0.1 at 2014-03-09 00:02:13 -0700
Processing by UsersController#new as HTML
  Rendered users/new.html.erb within layouts/application (2.9ms)
Warning. Error encountered while saving cache a751f6caa720bdf31a1644700fbf16aac0099a0e/sessions.css.scssc: can't dump anonymous class #<Class:0x007fdc0a2cbbe8>

Warning. Error encountered while saving cache a751f6caa720bdf31a1644700fbf16aac0099a0e/users.css.scssc: can't dump anonymous class #<Class:0x007fdc0a2cbbe8>

Completed 200 OK in 4372ms (Views: 4370.7ms | ActiveRecord: 0.0ms)


Started GET "/assets/application.css?body=1" for 127.0.0.1 at 2014-03-09 00:02:18 -0700


Started GET "/assets/sessions.css?body=1" for 127.0.0.1 at 2014-03-09 00:02:18 -0700


Started GET "/assets/jquery_ujs.js?body=1" for 127.0.0.1 at 2014-03-09 00:02:18 -0700


Started GET "/assets/jquery.js?body=1" for 127.0.0.1 at 2014-03-09 00:02:18 -0700


Started GET "/assets/users.css?body=1" for 127.0.0.1 at 2014-03-09 00:02:18 -0700


Started GET "/assets/sessions.js?body=1" for 127.0.0.1 at 2014-03-09 00:02:18 -0700


Started GET "/assets/turbolinks.js?body=1" for 127.0.0.1 at 2014-03-09 00:02:18 -0700


Started GET "/assets/users.js?body=1" for 127.0.0.1 at 2014-03-09 00:02:18 -0700


Started GET "/assets/application.js?body=1" for 127.0.0.1 at 2014-03-09 00:02:18 -0700


Started GET "/log_in" for 127.0.0.1 at 2014-03-09 00:02:21 -0700
Processing by SessionsController#new as HTML
  Rendered sessions/new.html.erb within layouts/application (1.9ms)
Completed 200 OK in 32ms (Views: 30.4ms | ActiveRecord: 0.0ms)


Started POST "/sessions" for 127.0.0.1 at 2014-03-09 00:02:23 -0700
Processing by SessionsController#create as HTML
  Parameters: {"utf8"=>"✓", "authenticity_token"=>"nu7Rb6Kn4McKZDSO7z35eicZ1Wkl/pm8cKau2/FQc3E=", "email"=>"zhaugaard@gmail.com", "password"=>"[FILTERED]", "commit"=>"Log in"}
  [1m[35mUser Load (288.9ms)[0m  SELECT "users".* FROM "users" WHERE "users"."email" = 'zhaugaard@gmail.com' LIMIT 1
  Rendered sessions/new.html.erb within layouts/application (1.7ms)
Completed 200 OK in 350ms (Views: 10.1ms | ActiveRecord: 288.9ms)


Started GET "/sign_up" for 127.0.0.1 at 2014-03-09 00:02:24 -0700
Processing by UsersController#new as HTML
  Rendered users/new.html.erb within layouts/application (9.1ms)
Completed 200 OK in 17ms (Views: 16.2ms | ActiveRecord: 0.0ms)


Started POST "/users" for 127.0.0.1 at 2014-03-09 00:02:40 -0700
Processing by UsersController#create as HTML
  Parameters: {"utf8"=>"✓", "authenticity_token"=>"nu7Rb6Kn4McKZDSO7z35eicZ1Wkl/pm8cKau2/FQc3E=", "user"=>{"email"=>"zhaugaard@gmail.com", "password"=>"[FILTERED]", "password_confirmation"=>"[FILTERED]"}, "commit"=>"Create User"}
  [1m[36m (0.2ms)[0m  [1mBEGIN[0m
  [1m[35mUser Exists (22.0ms)[0m  SELECT 1 AS one FROM "users" WHERE "users"."email" = 'zhaugaard@gmail.com' LIMIT 1
  [1m[36mSQL (110.6ms)[0m  [1mINSERT INTO "users" ("created_at", "email", "password_hash", "password_salt", "updated_at") VALUES ($1, $2, $3, $4, $5) RETURNING "id"[0m  [["created_at", Sun, 09 Mar 2014 07:02:41 UTC +00:00], ["email", "zhaugaard@gmail.com"], ["password_hash", "$2a$10$N3Uy87XW.HfAJY5sjY5WnOFEMFh34HRnN.iMRDC7pU535oNKc9N5G"], ["password_salt", "$2a$10$N3Uy87XW.HfAJY5sjY5WnO"], ["updated_at", Sun, 09 Mar 2014 07:02:41 UTC +00:00]]
  [1m[35m (35.8ms)[0m  COMMIT
Redirected to http://localhost:3000/
Completed 302 Found in 400ms (ActiveRecord: 168.9ms)


Started GET "/" for 127.0.0.1 at 2014-03-09 00:02:41 -0700
Processing by UsersController#new as HTML
  Rendered users/new.html.erb within layouts/application (4.4ms)
Completed 200 OK in 52ms (Views: 50.8ms | ActiveRecord: 0.0ms)


Started GET "/log_in" for 127.0.0.1 at 2014-03-09 00:02:46 -0700
Processing by SessionsController#new as HTML
  Rendered sessions/new.html.erb within layouts/application (0.9ms)
Completed 200 OK in 33ms (Views: 32.0ms | ActiveRecord: 0.0ms)


Started POST "/sessions" for 127.0.0.1 at 2014-03-09 00:02:51 -0700
Processing by SessionsController#create as HTML
  Parameters: {"utf8"=>"✓", "authenticity_token"=>"nu7Rb6Kn4McKZDSO7z35eicZ1Wkl/pm8cKau2/FQc3E=", "email"=>"zhaugaard@gmail.com", "password"=>"[FILTERED]", "commit"=>"Log in"}
  [1m[36mUser Load (163.6ms)[0m  [1mSELECT "users".* FROM "users" WHERE "users"."email" = 'zhaugaard@gmail.com' LIMIT 1[0m
Redirected to http://localhost:3000/
Completed 302 Found in 333ms (ActiveRecord: 163.6ms)


Started GET "/" for 127.0.0.1 at 2014-03-09 00:02:52 -0700
Processing by UsersController#new as HTML
  Rendered users/new.html.erb within layouts/application (4.0ms)
  [1m[35mUser Load (1.4ms)[0m  SELECT "users".* FROM "users" WHERE "users"."id" = $1 LIMIT 1  [["id", 1]]
Completed 200 OK in 59ms (Views: 56.1ms | ActiveRecord: 1.4ms)
  [1m[36mActiveRecord::SchemaMigration Load (1.0ms)[0m  [1mSELECT "schema_migrations".* FROM "schema_migrations"[0m
  [1m[36mActiveRecord::SchemaMigration Load (0.7ms)[0m  [1mSELECT "schema_migrations".* FROM "schema_migrations"[0m
  [1m[35mActiveRecord::SchemaMigration Load (0.3ms)[0m  SELECT "schema_migrations".* FROM "schema_migrations"
  [1m[36mActiveRecord::SchemaMigration Load (0.8ms)[0m  [1mSELECT "schema_migrations".* FROM "schema_migrations"[0m
  [1m[35mActiveRecord::SchemaMigration Load (0.3ms)[0m  SELECT "schema_migrations".* FROM "schema_migrations"


Started GET "/" for 127.0.0.1 at 2014-03-09 00:16:36 -0700
  [1m[36mActiveRecord::SchemaMigration Load (0.8ms)[0m  [1mSELECT "schema_migrations".* FROM "schema_migrations"[0m
Processing by UsersController#new as HTML
  Rendered users/new.html.erb within layouts/application (175.5ms)
  [1m[35mUser Load (28.6ms)[0m  SELECT "users".* FROM "users" WHERE "users"."id" = $1 LIMIT 1  [["id", 1]]
Completed 200 OK in 761ms (Views: 643.4ms | ActiveRecord: 32.8ms)


Started GET "/" for 127.0.0.1 at 2014-03-09 00:16:38 -0700
Processing by UsersController#new as HTML
  Rendered users/new.html.erb within layouts/application (3.1ms)
  [1m[36mUser Load (0.6ms)[0m  [1mSELECT "users".* FROM "users" WHERE "users"."id" = $1 LIMIT 1[0m  [["id", 1]]
Completed 200 OK in 13ms (Views: 10.9ms | ActiveRecord: 0.6ms)


Started GET "/assets/application.css?body=1" for 127.0.0.1 at 2014-03-09 00:16:38 -0700


Started GET "/assets/sessions.css?body=1" for 127.0.0.1 at 2014-03-09 00:16:38 -0700


Started GET "/assets/turbolinks.js?body=1" for 127.0.0.1 at 2014-03-09 00:16:38 -0700


Started GET "/assets/jquery_ujs.js?body=1" for 127.0.0.1 at 2014-03-09 00:16:38 -0700


Started GET "/assets/users.css?body=1" for 127.0.0.1 at 2014-03-09 00:16:38 -0700


Started GET "/assets/users.js?body=1" for 127.0.0.1 at 2014-03-09 00:16:38 -0700


Started GET "/assets/jquery.js?body=1" for 127.0.0.1 at 2014-03-09 00:16:38 -0700


Started GET "/assets/application.js?body=1" for 127.0.0.1 at 2014-03-09 00:16:39 -0700


Started GET "/assets/sessions.js?body=1" for 127.0.0.1 at 2014-03-09 00:16:39 -0700
  [1m[36mActiveRecord::SchemaMigration Load (88.8ms)[0m  [1mSELECT "schema_migrations".* FROM "schema_migrations"[0m
PG::InsufficientPrivilege: ERROR:  permission denied for relation schema_migrations
: SELECT "schema_migrations".* FROM "schema_migrations"
  [1m[36mActiveRecord::SchemaMigration Load (0.9ms)[0m  [1mSELECT "schema_migrations".* FROM "schema_migrations"[0m
PG::InsufficientPrivilege: ERROR:  permission denied for relation schema_migrations
: SELECT "schema_migrations".* FROM "schema_migrations"


Started GET "/" for 127.0.0.1 at 2014-03-09 10:22:17 -0700
  [1m[36mActiveRecord::SchemaMigration Load (0.8ms)[0m  [1mSELECT "schema_migrations".* FROM "schema_migrations"[0m
Processing by UsersController#new as HTML
  Rendered users/new.html.erb within layouts/application (207.8ms)
  [1m[35mUser Load (48.5ms)[0m  SELECT "users".* FROM "users" WHERE "users"."id" = $1 LIMIT 1  [["id", 1]]
Completed 200 OK in 940ms (Views: 706.2ms | ActiveRecord: 71.4ms)


Started GET "/assets/application.css?body=1" for 127.0.0.1 at 2014-03-09 10:22:19 -0700


Started GET "/assets/jquery.js?body=1" for 127.0.0.1 at 2014-03-09 10:22:19 -0700


Started GET "/assets/sessions.js?body=1" for 127.0.0.1 at 2014-03-09 10:22:19 -0700


Started GET "/assets/jquery_ujs.js?body=1" for 127.0.0.1 at 2014-03-09 10:22:19 -0700


Started GET "/assets/turbolinks.js?body=1" for 127.0.0.1 at 2014-03-09 10:22:19 -0700


Started GET "/assets/users.css?body=1" for 127.0.0.1 at 2014-03-09 10:22:19 -0700


Started GET "/assets/users.js?body=1" for 127.0.0.1 at 2014-03-09 10:22:19 -0700


Started GET "/assets/application.js?body=1" for 127.0.0.1 at 2014-03-09 10:22:19 -0700


Started GET "/assets/sessions.css?body=1" for 127.0.0.1 at 2014-03-09 10:22:19 -0700


Started GET "/" for 127.0.0.1 at 2014-03-09 10:22:22 -0700
Processing by UsersController#new as HTML
  Rendered users/new.html.erb within layouts/application (3.8ms)
  [1m[36mUser Load (0.7ms)[0m  [1mSELECT "users".* FROM "users" WHERE "users"."id" = $1 LIMIT 1[0m  [["id", 1]]
Completed 200 OK in 15ms (Views: 12.5ms | ActiveRecord: 0.7ms)


Started GET "/assets/application.css?body=1" for 127.0.0.1 at 2014-03-09 10:22:24 -0700


Started GET "/assets/sessions.js?body=1" for 127.0.0.1 at 2014-03-09 10:22:24 -0700


Started GET "/assets/jquery.js?body=1" for 127.0.0.1 at 2014-03-09 10:22:24 -0700


Started GET "/assets/application.js?body=1" for 127.0.0.1 at 2014-03-09 10:22:24 -0700


Started GET "/assets/turbolinks.js?body=1" for 127.0.0.1 at 2014-03-09 10:22:24 -0700


Started GET "/assets/users.css?body=1" for 127.0.0.1 at 2014-03-09 10:22:24 -0700


Started GET "/assets/sessions.css?body=1" for 127.0.0.1 at 2014-03-09 10:22:24 -0700


Started GET "/assets/jquery_ujs.js?body=1" for 127.0.0.1 at 2014-03-09 10:22:24 -0700


Started GET "/assets/users.js?body=1" for 127.0.0.1 at 2014-03-09 10:22:24 -0700


Started GET "/log_out" for 127.0.0.1 at 2014-03-09 10:22:26 -0700
Processing by SessionsController#destroy as HTML
Redirected to http://localhost:3000/
Completed 302 Found in 2ms (ActiveRecord: 0.0ms)


Started GET "/" for 127.0.0.1 at 2014-03-09 10:22:26 -0700
Processing by UsersController#new as HTML
  Rendered users/new.html.erb within layouts/application (7.9ms)
Completed 200 OK in 17ms (Views: 15.5ms | ActiveRecord: 0.0ms)


Started GET "/log_in" for 127.0.0.1 at 2014-03-09 10:22:29 -0700
Processing by SessionsController#new as HTML
  Rendered sessions/new.html.erb within layouts/application (1.8ms)
Completed 200 OK in 26ms (Views: 24.8ms | ActiveRecord: 0.0ms)


Started POST "/sessions" for 127.0.0.1 at 2014-03-09 10:22:31 -0700
Processing by SessionsController#create as HTML
  Parameters: {"utf8"=>"✓", "authenticity_token"=>"nu7Rb6Kn4McKZDSO7z35eicZ1Wkl/pm8cKau2/FQc3E=", "email"=>"zhaugaard@gmail.com", "password"=>"[FILTERED]", "commit"=>"Log in"}
  [1m[35mUser Load (1.7ms)[0m  SELECT "users".* FROM "users" WHERE "users"."email" = 'zhaugaard@gmail.com' LIMIT 1
Redirected to http://localhost:3000/
Completed 302 Found in 124ms (ActiveRecord: 1.7ms)


Started GET "/" for 127.0.0.1 at 2014-03-09 10:22:31 -0700
Processing by UsersController#new as HTML
  Rendered users/new.html.erb within layouts/application (5.1ms)
  [1m[36mUser Load (0.6ms)[0m  [1mSELECT "users".* FROM "users" WHERE "users"."id" = $1 LIMIT 1[0m  [["id", 1]]
Completed 200 OK in 14ms (Views: 12.4ms | ActiveRecord: 0.6ms)


Started GET "/assets/application.css?body=1" for 127.0.0.1 at 2014-03-09 10:22:31 -0700


Started GET "/assets/sessions.css?body=1" for 127.0.0.1 at 2014-03-09 10:22:31 -0700


Started GET "/assets/users.css?body=1" for 127.0.0.1 at 2014-03-09 10:22:32 -0700


Started GET "/assets/jquery.js?body=1" for 127.0.0.1 at 2014-03-09 10:22:32 -0700


Started GET "/assets/application.js?body=1" for 127.0.0.1 at 2014-03-09 10:22:32 -0700


Started GET "/assets/jquery_ujs.js?body=1" for 127.0.0.1 at 2014-03-09 10:22:32 -0700


Started GET "/assets/turbolinks.js?body=1" for 127.0.0.1 at 2014-03-09 10:22:32 -0700


Started GET "/assets/sessions.js?body=1" for 127.0.0.1 at 2014-03-09 10:22:32 -0700


Started GET "/assets/users.js?body=1" for 127.0.0.1 at 2014-03-09 10:22:32 -0700
  [1m[36m (236.6ms)[0m  [1mCREATE TABLE "schema_migrations" ("version" character varying(255) NOT NULL) [0m
  [1m[35m (149.1ms)[0m  CREATE UNIQUE INDEX "unique_schema_migrations" ON "schema_migrations" ("version")
  [1m[36mActiveRecord::SchemaMigration Load (17.0ms)[0m  [1mSELECT "schema_migrations".* FROM "schema_migrations"[0m
Migrating to CreateUsers (20140309055426)
  [1m[35m (0.4ms)[0m  BEGIN
  [1m[36m (176.3ms)[0m  [1mCREATE TABLE "users" ("id" serial primary key, "email" character varying(255), "password_hash" character varying(255), "password_salt" character varying(255), "created_at" timestamp, "updated_at" timestamp) [0m
  [1m[35mSQL (102.8ms)[0m  INSERT INTO "schema_migrations" ("version") VALUES ($1)  [["version", "20140309055426"]]
  [1m[36m (1.3ms)[0m  [1mCOMMIT[0m
  [1m[35mActiveRecord::SchemaMigration Load (0.6ms)[0m  SELECT "schema_migrations".* FROM "schema_migrations"


Started GET "/" for 127.0.0.1 at 2014-03-09 14:08:19 -0700
  [1m[36mActiveRecord::SchemaMigration Load (1.3ms)[0m  [1mSELECT "schema_migrations".* FROM "schema_migrations"[0m
Processing by UsersController#new as HTML
  Rendered users/new.html.erb within layouts/application (131.8ms)
  [1m[35mUser Load (85.4ms)[0m  SELECT "users".* FROM "users" WHERE "users"."id" = $1 LIMIT 1  [["id", 1]]
Completed 500 Internal Server Error in 854ms

ActiveRecord::RecordNotFound (Couldn't find User with id=1):
  app/controllers/application_controller.rb:11:in `current_user'
  app/views/layouts/application.html.erb:14:in `_app_views_layouts_application_html_erb__39468286237206137_70344076042580'


  Rendered /Library/Ruby/Gems/2.0.0/gems/actionpack-4.0.3/lib/action_dispatch/middleware/templates/rescues/_source.erb (1.0ms)
  Rendered /Library/Ruby/Gems/2.0.0/gems/actionpack-4.0.3/lib/action_dispatch/middleware/templates/rescues/_trace.erb (1.7ms)
  Rendered /Library/Ruby/Gems/2.0.0/gems/actionpack-4.0.3/lib/action_dispatch/middleware/templates/rescues/_request_and_response.erb (1.3ms)
  Rendered /Library/Ruby/Gems/2.0.0/gems/actionpack-4.0.3/lib/action_dispatch/middleware/templates/rescues/diagnostics.erb within rescues/layout (29.3ms)


Started GET "/create" for 127.0.0.1 at 2014-03-09 14:08:26 -0700

ActionController::RoutingError (No route matches [GET] "/create"):
  actionpack (4.0.3) lib/action_dispatch/middleware/debug_exceptions.rb:21:in `call'
  actionpack (4.0.3) lib/action_dispatch/middleware/show_exceptions.rb:30:in `call'
  railties (4.0.3) lib/rails/rack/logger.rb:38:in `call_app'
  railties (4.0.3) lib/rails/rack/logger.rb:20:in `block in call'
  activesupport (4.0.3) lib/active_support/tagged_logging.rb:67:in `block in tagged'
  activesupport (4.0.3) lib/active_support/tagged_logging.rb:25:in `tagged'
  activesupport (4.0.3) lib/active_support/tagged_logging.rb:67:in `tagged'
  railties (4.0.3) lib/rails/rack/logger.rb:20:in `call'
  actionpack (4.0.3) lib/action_dispatch/middleware/request_id.rb:21:in `call'
  rack (1.5.2) lib/rack/methodoverride.rb:21:in `call'
  rack (1.5.2) lib/rack/runtime.rb:17:in `call'
  activesupport (4.0.3) lib/active_support/cache/strategy/local_cache.rb:83:in `call'
  rack (1.5.2) lib/rack/lock.rb:17:in `call'
  actionpack (4.0.3) lib/action_dispatch/middleware/static.rb:64:in `call'
  rack (1.5.2) lib/rack/sendfile.rb:112:in `call'
  railties (4.0.3) lib/rails/engine.rb:511:in `call'
  railties (4.0.3) lib/rails/application.rb:97:in `call'
  rack (1.5.2) lib/rack/lock.rb:17:in `call'
  rack (1.5.2) lib/rack/content_length.rb:14:in `call'
  rack (1.5.2) lib/rack/handler/webrick.rb:60:in `service'
  /System/Library/Frameworks/Ruby.framework/Versions/2.0/usr/lib/ruby/2.0.0/webrick/httpserver.rb:138:in `service'
  /System/Library/Frameworks/Ruby.framework/Versions/2.0/usr/lib/ruby/2.0.0/webrick/httpserver.rb:94:in `run'
  /System/Library/Frameworks/Ruby.framework/Versions/2.0/usr/lib/ruby/2.0.0/webrick/server.rb:295:in `block in start_thread'


  Rendered /Library/Ruby/Gems/2.0.0/gems/actionpack-4.0.3/lib/action_dispatch/middleware/templates/rescues/_trace.erb (1.5ms)
  Rendered /Library/Ruby/Gems/2.0.0/gems/actionpack-4.0.3/lib/action_dispatch/middleware/templates/routes/_route.html.erb (11.2ms)
  Rendered /Library/Ruby/Gems/2.0.0/gems/actionpack-4.0.3/lib/action_dispatch/middleware/templates/routes/_table.html.erb (12.2ms)
  Rendered /Library/Ruby/Gems/2.0.0/gems/actionpack-4.0.3/lib/action_dispatch/middleware/templates/rescues/routing_error.erb within rescues/layout (162.5ms)


Started GET "/" for 127.0.0.1 at 2014-03-09 14:09:53 -0700
Processing by UsersController#new as HTML
  Rendered users/new.html.erb within layouts/application (3.2ms)
  [1m[36mUser Load (0.7ms)[0m  [1mSELECT "users".* FROM "users" WHERE "users"."id" = $1 LIMIT 1[0m  [["id", 1]]
Completed 500 Internal Server Error in 55ms

ActiveRecord::RecordNotFound (Couldn't find User with id=1):
  app/controllers/application_controller.rb:11:in `current_user'
  app/views/layouts/application.html.erb:14:in `_app_views_layouts_application_html_erb__39468286237206137_70344076042580'


  Rendered /Library/Ruby/Gems/2.0.0/gems/actionpack-4.0.3/lib/action_dispatch/middleware/templates/rescues/_source.erb (0.9ms)
  Rendered /Library/Ruby/Gems/2.0.0/gems/actionpack-4.0.3/lib/action_dispatch/middleware/templates/rescues/_trace.erb (1.8ms)
  Rendered /Library/Ruby/Gems/2.0.0/gems/actionpack-4.0.3/lib/action_dispatch/middleware/templates/rescues/_request_and_response.erb (1.4ms)
  Rendered /Library/Ruby/Gems/2.0.0/gems/actionpack-4.0.3/lib/action_dispatch/middleware/templates/rescues/diagnostics.erb within rescues/layout (22.3ms)


Started GET "/" for 127.0.0.1 at 2014-03-09 14:28:12 -0700
  [1m[36mActiveRecord::SchemaMigration Load (24.5ms)[0m  [1mSELECT "schema_migrations".* FROM "schema_migrations"[0m
PG::InsufficientPrivilege: ERROR:  permission denied for relation schema_migrations
: SELECT "schema_migrations".* FROM "schema_migrations"

ActiveRecord::StatementInvalid (PG::InsufficientPrivilege: ERROR:  permission denied for relation schema_migrations
: SELECT "schema_migrations".* FROM "schema_migrations"):
  activerecord (4.0.3) lib/active_record/connection_adapters/postgresql_adapter.rb:774:in `async_exec'
  activerecord (4.0.3) lib/active_record/connection_adapters/postgresql_adapter.rb:774:in `exec_no_cache'
  activerecord (4.0.3) lib/active_record/connection_adapters/postgresql/database_statements.rb:138:in `block in exec_query'
  activerecord (4.0.3) lib/active_record/connection_adapters/abstract_adapter.rb:435:in `block in log'
  activesupport (4.0.3) lib/active_support/notifications/instrumenter.rb:20:in `instrument'
  activerecord (4.0.3) lib/active_record/connection_adapters/abstract_adapter.rb:430:in `log'
  activerecord (4.0.3) lib/active_record/connection_adapters/postgresql/database_statements.rb:137:in `exec_query'
  activerecord (4.0.3) lib/active_record/connection_adapters/postgresql_adapter.rb:891:in `select'
  activerecord (4.0.3) lib/active_record/connection_adapters/abstract/database_statements.rb:24:in `select_all'
  activerecord (4.0.3) lib/active_record/connection_adapters/abstract/query_cache.rb:63:in `select_all'
  activerecord (4.0.3) lib/active_record/querying.rb:36:in `find_by_sql'
  activerecord (4.0.3) lib/active_record/relation.rb:585:in `exec_queries'
  activerecord (4.0.3) lib/active_record/relation.rb:471:in `load'
  activerecord (4.0.3) lib/active_record/relation.rb:220:in `to_a'
  activerecord (4.0.3) lib/active_record/relation/delegation.rb:12:in `map'
  activerecord (4.0.3) lib/active_record/migration.rb:787:in `get_all_versions'
  activerecord (4.0.3) lib/active_record/migration.rb:793:in `current_version'
  activerecord (4.0.3) lib/active_record/migration.rb:800:in `needs_migration?'
  activerecord (4.0.3) lib/active_record/migration.rb:379:in `check_pending!'
  activerecord (4.0.3) lib/active_record/migration.rb:366:in `call'
  actionpack (4.0.3) lib/action_dispatch/middleware/callbacks.rb:29:in `block in call'
  activesupport (4.0.3) lib/active_support/callbacks.rb:373:in `_run__875859015657196595__call__callbacks'
  activesupport (4.0.3) lib/active_support/callbacks.rb:80:in `run_callbacks'
  actionpack (4.0.3) lib/action_dispatch/middleware/callbacks.rb:27:in `call'
  actionpack (4.0.3) lib/action_dispatch/middleware/reloader.rb:64:in `call'
  actionpack (4.0.3) lib/action_dispatch/middleware/remote_ip.rb:76:in `call'
  actionpack (4.0.3) lib/action_dispatch/middleware/debug_exceptions.rb:17:in `call'
  actionpack (4.0.3) lib/action_dispatch/middleware/show_exceptions.rb:30:in `call'
  railties (4.0.3) lib/rails/rack/logger.rb:38:in `call_app'
  railties (4.0.3) lib/rails/rack/logger.rb:20:in `block in call'
  activesupport (4.0.3) lib/active_support/tagged_logging.rb:67:in `block in tagged'
  activesupport (4.0.3) lib/active_support/tagged_logging.rb:25:in `tagged'
  activesupport (4.0.3) lib/active_support/tagged_logging.rb:67:in `tagged'
  railties (4.0.3) lib/rails/rack/logger.rb:20:in `call'
  actionpack (4.0.3) lib/action_dispatch/middleware/request_id.rb:21:in `call'
  rack (1.5.2) lib/rack/methodoverride.rb:21:in `call'
  rack (1.5.2) lib/rack/runtime.rb:17:in `call'
  activesupport (4.0.3) lib/active_support/cache/strategy/local_cache.rb:83:in `call'
  rack (1.5.2) lib/rack/lock.rb:17:in `call'
  actionpack (4.0.3) lib/action_dispatch/middleware/static.rb:64:in `call'
  rack (1.5.2) lib/rack/sendfile.rb:112:in `call'
  railties (4.0.3) lib/rails/engine.rb:511:in `call'
  railties (4.0.3) lib/rails/application.rb:97:in `call'
  rack (1.5.2) lib/rack/lock.rb:17:in `call'
  rack (1.5.2) lib/rack/content_length.rb:14:in `call'
  rack (1.5.2) lib/rack/handler/webrick.rb:60:in `service'
  /System/Library/Frameworks/Ruby.framework/Versions/2.0/usr/lib/ruby/2.0.0/webrick/httpserver.rb:138:in `service'
  /System/Library/Frameworks/Ruby.framework/Versions/2.0/usr/lib/ruby/2.0.0/webrick/httpserver.rb:94:in `run'
  /System/Library/Frameworks/Ruby.framework/Versions/2.0/usr/lib/ruby/2.0.0/webrick/server.rb:295:in `block in start_thread'


  Rendered /Library/Ruby/Gems/2.0.0/gems/actionpack-4.0.3/lib/action_dispatch/middleware/templates/rescues/_source.erb (0.9ms)
  Rendered /Library/Ruby/Gems/2.0.0/gems/actionpack-4.0.3/lib/action_dispatch/middleware/templates/rescues/_trace.erb (1.8ms)
  Rendered /Library/Ruby/Gems/2.0.0/gems/actionpack-4.0.3/lib/action_dispatch/middleware/templates/rescues/_request_and_response.erb (2.1ms)
  Rendered /Library/Ruby/Gems/2.0.0/gems/actionpack-4.0.3/lib/action_dispatch/middleware/templates/rescues/diagnostics.erb within rescues/layout (37.2ms)


Started GET "/" for 127.0.0.1 at 2014-03-09 14:34:12 -0700

PG::ConnectionBad (FATAL:  role "zowiehi" does not exist
):
  activerecord (4.0.3) lib/active_record/connection_adapters/postgresql_adapter.rb:831:in `initialize'
  activerecord (4.0.3) lib/active_record/connection_adapters/postgresql_adapter.rb:831:in `new'
  activerecord (4.0.3) lib/active_record/connection_adapters/postgresql_adapter.rb:831:in `connect'
  activerecord (4.0.3) lib/active_record/connection_adapters/postgresql_adapter.rb:548:in `initialize'
  activerecord (4.0.3) lib/active_record/connection_adapters/postgresql_adapter.rb:41:in `new'
  activerecord (4.0.3) lib/active_record/connection_adapters/postgresql_adapter.rb:41:in `postgresql_connection'
  activerecord (4.0.3) lib/active_record/connection_adapters/abstract/connection_pool.rb:440:in `new_connection'
  activerecord (4.0.3) lib/active_record/connection_adapters/abstract/connection_pool.rb:450:in `checkout_new_connection'
  activerecord (4.0.3) lib/active_record/connection_adapters/abstract/connection_pool.rb:421:in `acquire_connection'
  activerecord (4.0.3) lib/active_record/connection_adapters/abstract/connection_pool.rb:356:in `block in checkout'
  /System/Library/Frameworks/Ruby.framework/Versions/2.0/usr/lib/ruby/2.0.0/monitor.rb:211:in `mon_synchronize'
  activerecord (4.0.3) lib/active_record/connection_adapters/abstract/connection_pool.rb:355:in `checkout'
  activerecord (4.0.3) lib/active_record/connection_adapters/abstract/connection_pool.rb:265:in `block in connection'
  /System/Library/Frameworks/Ruby.framework/Versions/2.0/usr/lib/ruby/2.0.0/monitor.rb:211:in `mon_synchronize'
  activerecord (4.0.3) lib/active_record/connection_adapters/abstract/connection_pool.rb:264:in `connection'
  activerecord (4.0.3) lib/active_record/connection_adapters/abstract/connection_pool.rb:546:in `retrieve_connection'
  activerecord (4.0.3) lib/active_record/connection_handling.rb:79:in `retrieve_connection'
  activerecord (4.0.3) lib/active_record/connection_handling.rb:53:in `connection'
  activerecord (4.0.3) lib/active_record/migration.rb:792:in `current_version'
  activerecord (4.0.3) lib/active_record/migration.rb:800:in `needs_migration?'
  activerecord (4.0.3) lib/active_record/migration.rb:379:in `check_pending!'
  activerecord (4.0.3) lib/active_record/migration.rb:366:in `call'
  actionpack (4.0.3) lib/action_dispatch/middleware/callbacks.rb:29:in `block in call'
  activesupport (4.0.3) lib/active_support/callbacks.rb:373:in `_run__4543239162699766117__call__callbacks'
  activesupport (4.0.3) lib/active_support/callbacks.rb:80:in `run_callbacks'
  actionpack (4.0.3) lib/action_dispatch/middleware/callbacks.rb:27:in `call'
  actionpack (4.0.3) lib/action_dispatch/middleware/reloader.rb:64:in `call'
  actionpack (4.0.3) lib/action_dispatch/middleware/remote_ip.rb:76:in `call'
  actionpack (4.0.3) lib/action_dispatch/middleware/debug_exceptions.rb:17:in `call'
  actionpack (4.0.3) lib/action_dispatch/middleware/show_exceptions.rb:30:in `call'
  railties (4.0.3) lib/rails/rack/logger.rb:38:in `call_app'
  railties (4.0.3) lib/rails/rack/logger.rb:20:in `block in call'
  activesupport (4.0.3) lib/active_support/tagged_logging.rb:67:in `block in tagged'
  activesupport (4.0.3) lib/active_support/tagged_logging.rb:25:in `tagged'
  activesupport (4.0.3) lib/active_support/tagged_logging.rb:67:in `tagged'
  railties (4.0.3) lib/rails/rack/logger.rb:20:in `call'
  actionpack (4.0.3) lib/action_dispatch/middleware/request_id.rb:21:in `call'
  rack (1.5.2) lib/rack/methodoverride.rb:21:in `call'
  rack (1.5.2) lib/rack/runtime.rb:17:in `call'
  activesupport (4.0.3) lib/active_support/cache/strategy/local_cache.rb:83:in `call'
  rack (1.5.2) lib/rack/lock.rb:17:in `call'
  actionpack (4.0.3) lib/action_dispatch/middleware/static.rb:64:in `call'
  rack (1.5.2) lib/rack/sendfile.rb:112:in `call'
  railties (4.0.3) lib/rails/engine.rb:511:in `call'
  railties (4.0.3) lib/rails/application.rb:97:in `call'
  rack (1.5.2) lib/rack/lock.rb:17:in `call'
  rack (1.5.2) lib/rack/content_length.rb:14:in `call'
  rack (1.5.2) lib/rack/handler/webrick.rb:60:in `service'
  /System/Library/Frameworks/Ruby.framework/Versions/2.0/usr/lib/ruby/2.0.0/webrick/httpserver.rb:138:in `service'
  /System/Library/Frameworks/Ruby.framework/Versions/2.0/usr/lib/ruby/2.0.0/webrick/httpserver.rb:94:in `run'
  /System/Library/Frameworks/Ruby.framework/Versions/2.0/usr/lib/ruby/2.0.0/webrick/server.rb:295:in `block in start_thread'


  Rendered /Library/Ruby/Gems/2.0.0/gems/actionpack-4.0.3/lib/action_dispatch/middleware/templates/rescues/_source.erb (0.8ms)
  Rendered /Library/Ruby/Gems/2.0.0/gems/actionpack-4.0.3/lib/action_dispatch/middleware/templates/rescues/_trace.erb (1.6ms)
  Rendered /Library/Ruby/Gems/2.0.0/gems/actionpack-4.0.3/lib/action_dispatch/middleware/templates/rescues/_request_and_response.erb (1.3ms)
  Rendered /Library/Ruby/Gems/2.0.0/gems/actionpack-4.0.3/lib/action_dispatch/middleware/templates/rescues/diagnostics.erb within rescues/layout (33.7ms)


Started GET "/" for 127.0.0.1 at 2014-03-09 14:34:44 -0700
  [1m[36mActiveRecord::SchemaMigration Load (0.9ms)[0m  [1mSELECT "schema_migrations".* FROM "schema_migrations"[0m
Processing by UsersController#new as HTML
  Rendered users/new.html.erb within layouts/application (230.7ms)
  [1m[35mUser Load (27.1ms)[0m  SELECT "users".* FROM "users" WHERE "users"."id" = $1 LIMIT 1  [["id", 1]]
Completed 500 Internal Server Error in 776ms

ActiveRecord::RecordNotFound (Couldn't find User with id=1):
  app/controllers/application_controller.rb:11:in `current_user'
  app/views/layouts/application.html.erb:14:in `_app_views_layouts_application_html_erb__3111014405885821752_70342798378620'


  Rendered /Library/Ruby/Gems/2.0.0/gems/actionpack-4.0.3/lib/action_dispatch/middleware/templates/rescues/_source.erb (0.9ms)
  Rendered /Library/Ruby/Gems/2.0.0/gems/actionpack-4.0.3/lib/action_dispatch/middleware/templates/rescues/_trace.erb (1.6ms)
  Rendered /Library/Ruby/Gems/2.0.0/gems/actionpack-4.0.3/lib/action_dispatch/middleware/templates/rescues/_request_and_response.erb (1.3ms)
  Rendered /Library/Ruby/Gems/2.0.0/gems/actionpack-4.0.3/lib/action_dispatch/middleware/templates/rescues/diagnostics.erb within rescues/layout (28.6ms)


Started GET "/" for 127.0.0.1 at 2014-03-09 14:38:22 -0700
  [1m[36mActiveRecord::SchemaMigration Load (0.9ms)[0m  [1mSELECT "schema_migrations".* FROM "schema_migrations"[0m
Processing by UsersController#new as HTML
  Rendered users/new.html.erb within layouts/application (130.4ms)
Completed 200 OK in 542ms (Views: 484.3ms | ActiveRecord: 5.7ms)


Started GET "/assets/sessions.css?body=1" for 127.0.0.1 at 2014-03-09 14:38:23 -0700


Started GET "/assets/application.css?body=1" for 127.0.0.1 at 2014-03-09 14:38:23 -0700


Started GET "/assets/users.css?body=1" for 127.0.0.1 at 2014-03-09 14:38:24 -0700


Started GET "/assets/jquery.js?body=1" for 127.0.0.1 at 2014-03-09 14:38:24 -0700


Started GET "/assets/sessions.js?body=1" for 127.0.0.1 at 2014-03-09 14:38:24 -0700


Started GET "/assets/turbolinks.js?body=1" for 127.0.0.1 at 2014-03-09 14:38:24 -0700


Started GET "/assets/jquery_ujs.js?body=1" for 127.0.0.1 at 2014-03-09 14:38:24 -0700


Started GET "/assets/application.js?body=1" for 127.0.0.1 at 2014-03-09 14:38:24 -0700


Started GET "/assets/users.js?body=1" for 127.0.0.1 at 2014-03-09 14:38:24 -0700


Started POST "/users" for 127.0.0.1 at 2014-03-09 14:38:46 -0700
Processing by UsersController#create as HTML
  Parameters: {"utf8"=>"✓", "authenticity_token"=>"2dEutVPuUK9vxtWNj+PoBHNX+1NXWXw0AmHb1HjRZvg=", "user"=>{"email"=>"zhaugaard@gmail.com", "password"=>"[FILTERED]", "password_confirmation"=>"[FILTERED]"}, "commit"=>"Create User"}
  [1m[35m (53.1ms)[0m  BEGIN
  [1m[36mUser Exists (42.2ms)[0m  [1mSELECT 1 AS one FROM "users" WHERE "users"."email" = 'zhaugaard@gmail.com' LIMIT 1[0m
  [1m[35mSQL (189.0ms)[0m  INSERT INTO "users" ("created_at", "email", "password_hash", "password_salt", "updated_at") VALUES ($1, $2, $3, $4, $5) RETURNING "id"  [["created_at", Sun, 09 Mar 2014 21:38:47 UTC +00:00], ["email", "zhaugaard@gmail.com"], ["password_hash", "$2a$10$J3blhlMWaST3GrLABCy/S.QLBgayLgrMRS8Asvj95yFZ0k4x5x7Lm"], ["password_salt", "$2a$10$J3blhlMWaST3GrLABCy/S."], ["updated_at", Sun, 09 Mar 2014 21:38:47 UTC +00:00]]
  [1m[36m (20.0ms)[0m  [1mCOMMIT[0m
Redirected to http://localhost:3000/
Completed 302 Found in 566ms (ActiveRecord: 304.6ms)


Started GET "/" for 127.0.0.1 at 2014-03-09 14:38:47 -0700
Processing by UsersController#new as HTML
  Rendered users/new.html.erb within layouts/application (3.9ms)
Completed 200 OK in 11ms (Views: 10.5ms | ActiveRecord: 0.0ms)


Started GET "/log_in" for 127.0.0.1 at 2014-03-09 14:38:50 -0700
Processing by SessionsController#new as HTML
  Rendered sessions/new.html.erb within layouts/application (2.0ms)
Completed 200 OK in 59ms (Views: 57.7ms | ActiveRecord: 0.0ms)


Started POST "/sessions" for 127.0.0.1 at 2014-03-09 14:38:55 -0700
Processing by SessionsController#create as HTML
  Parameters: {"utf8"=>"✓", "authenticity_token"=>"2dEutVPuUK9vxtWNj+PoBHNX+1NXWXw0AmHb1HjRZvg=", "email"=>"zhaugaard@gmail.com", "password"=>"[FILTERED]", "commit"=>"Log in"}
  [1m[35mUser Load (156.0ms)[0m  SELECT "users".* FROM "users" WHERE "users"."email" = 'zhaugaard@gmail.com' LIMIT 1
Redirected to http://localhost:3000/
Completed 302 Found in 385ms (ActiveRecord: 156.0ms)


Started GET "/" for 127.0.0.1 at 2014-03-09 14:38:56 -0700
Processing by UsersController#new as HTML
  Rendered users/new.html.erb within layouts/application (3.1ms)
  [1m[36mUser Load (0.9ms)[0m  [1mSELECT "users".* FROM "users" WHERE "users"."id" = $1 LIMIT 1[0m  [["id", 1]]
Completed 200 OK in 13ms (Views: 10.8ms | ActiveRecord: 0.9ms)
